<?xml version="1.0" encoding="UTF-8"?>
<!-- Generated by org.testng.reporters.JUnitReportReporter -->
<testsuite hostname="DESKTOP-JN7F7IJ" failures="0" tests="1" name="testpkg.Testfblogin" time="0.225" errors="0" timestamp="2024-03-07T10:24:38 IST" skipped="0">
  <testcase classname="testpkg.Testfblogin" name="loginTest" time="0.225"/>
</testsuite> <!-- testpkg.Testfblogin -->
