<?xml version="1.0" encoding="UTF-8"?>
<!-- Generated by org.testng.reporters.JUnitReportReporter -->
<testsuite hostname="DESKTOP-JN7F7IJ" failures="0" tests="1" name="testpkg.RishiherbalTest$FBForgotpassTest" time="9.786" errors="0" timestamp="2024-07-27T20:43:32 IST" skipped="0">
  <testcase classname="testpkg.RishiherbalTest$FBForgotpassTest" name="test" time="9.786"/>
</testsuite> <!-- testpkg.RishiherbalTest$FBForgotpassTest -->
